

Started GET "/" for 127.0.0.1 at 2014-01-03 02:26:50 -0500
Processing by Rails::WelcomeController#index as HTML
  Rendered /home/charles/.rvm/gems/ruby-2.0.0-p247/gems/railties-4.0.1/lib/rails/templates/rails/welcome/index.html.erb (1.9ms)
Completed 200 OK in 54ms (Views: 11.0ms | ActiveRecord: 0.0ms)


Started GET "/rand" for 127.0.0.1 at 2014-01-03 02:26:56 -0500

ActionController::RoutingError (No route matches [GET] "/rand"):
  actionpack (4.0.1) lib/action_dispatch/middleware/debug_exceptions.rb:21:in `call'
  actionpack (4.0.1) lib/action_dispatch/middleware/show_exceptions.rb:30:in `call'
  railties (4.0.1) lib/rails/rack/logger.rb:38:in `call_app'
  railties (4.0.1) lib/rails/rack/logger.rb:20:in `block in call'
  activesupport (4.0.1) lib/active_support/tagged_logging.rb:67:in `block in tagged'
  activesupport (4.0.1) lib/active_support/tagged_logging.rb:25:in `tagged'
  activesupport (4.0.1) lib/active_support/tagged_logging.rb:67:in `tagged'
  railties (4.0.1) lib/rails/rack/logger.rb:20:in `call'
  actionpack (4.0.1) lib/action_dispatch/middleware/request_id.rb:21:in `call'
  rack (1.5.2) lib/rack/methodoverride.rb:21:in `call'
  rack (1.5.2) lib/rack/runtime.rb:17:in `call'
  activesupport (4.0.1) lib/active_support/cache/strategy/local_cache.rb:83:in `call'
  rack (1.5.2) lib/rack/lock.rb:17:in `call'
  actionpack (4.0.1) lib/action_dispatch/middleware/static.rb:64:in `call'
  rack (1.5.2) lib/rack/sendfile.rb:112:in `call'
  railties (4.0.1) lib/rails/engine.rb:511:in `call'
  railties (4.0.1) lib/rails/application.rb:97:in `call'
  rack (1.5.2) lib/rack/lock.rb:17:in `call'
  rack (1.5.2) lib/rack/content_length.rb:14:in `call'
  rack (1.5.2) lib/rack/handler/webrick.rb:60:in `service'
  /home/charles/.rvm/rubies/ruby-2.0.0-p247/lib/ruby/2.0.0/webrick/httpserver.rb:138:in `service'
  /home/charles/.rvm/rubies/ruby-2.0.0-p247/lib/ruby/2.0.0/webrick/httpserver.rb:94:in `run'
  /home/charles/.rvm/rubies/ruby-2.0.0-p247/lib/ruby/2.0.0/webrick/server.rb:295:in `block in start_thread'


  Rendered /home/charles/.rvm/gems/ruby-2.0.0-p247/gems/actionpack-4.0.1/lib/action_dispatch/middleware/templates/rescues/_trace.erb (1.1ms)
  Rendered /home/charles/.rvm/gems/ruby-2.0.0-p247/gems/actionpack-4.0.1/lib/action_dispatch/middleware/templates/routes/_route.html.erb (0.8ms)
  Rendered /home/charles/.rvm/gems/ruby-2.0.0-p247/gems/actionpack-4.0.1/lib/action_dispatch/middleware/templates/routes/_table.html.erb (6.1ms)
  Rendered /home/charles/.rvm/gems/ruby-2.0.0-p247/gems/actionpack-4.0.1/lib/action_dispatch/middleware/templates/rescues/routing_error.erb within rescues/layout (30.6ms)


Started GET "/" for 127.0.0.1 at 2014-01-03 02:30:47 -0500
Processing by Rails::WelcomeController#index as HTML
  Rendered /home/charles/.rvm/gems/ruby-2.0.0-p247/gems/railties-4.0.1/lib/rails/templates/rails/welcome/index.html.erb (1.7ms)
Completed 200 OK in 49ms (Views: 7.2ms | ActiveRecord: 0.0ms)


Started GET "/*" for 127.0.0.1 at 2014-01-03 02:30:51 -0500
Processing by MainController#rand as HTML
Redirected to http://farm6.staticflickr.com/5538/11693434356_94d254915e_m.jpg
Completed 302 Found in 668ms (ActiveRecord: 0.0ms)


Started GET "/rand" for 127.0.0.1 at 2014-01-03 02:30:56 -0500

ActionController::RoutingError (No route matches [GET] "/rand"):
  actionpack (4.0.1) lib/action_dispatch/middleware/debug_exceptions.rb:21:in `call'
  actionpack (4.0.1) lib/action_dispatch/middleware/show_exceptions.rb:30:in `call'
  railties (4.0.1) lib/rails/rack/logger.rb:38:in `call_app'
  railties (4.0.1) lib/rails/rack/logger.rb:20:in `block in call'
  activesupport (4.0.1) lib/active_support/tagged_logging.rb:67:in `block in tagged'
  activesupport (4.0.1) lib/active_support/tagged_logging.rb:25:in `tagged'
  activesupport (4.0.1) lib/active_support/tagged_logging.rb:67:in `tagged'
  railties (4.0.1) lib/rails/rack/logger.rb:20:in `call'
  actionpack (4.0.1) lib/action_dispatch/middleware/request_id.rb:21:in `call'
  rack (1.5.2) lib/rack/methodoverride.rb:21:in `call'
  rack (1.5.2) lib/rack/runtime.rb:17:in `call'
  activesupport (4.0.1) lib/active_support/cache/strategy/local_cache.rb:83:in `call'
  rack (1.5.2) lib/rack/lock.rb:17:in `call'
  actionpack (4.0.1) lib/action_dispatch/middleware/static.rb:64:in `call'
  rack (1.5.2) lib/rack/sendfile.rb:112:in `call'
  railties (4.0.1) lib/rails/engine.rb:511:in `call'
  railties (4.0.1) lib/rails/application.rb:97:in `call'
  rack (1.5.2) lib/rack/lock.rb:17:in `call'
  rack (1.5.2) lib/rack/content_length.rb:14:in `call'
  rack (1.5.2) lib/rack/handler/webrick.rb:60:in `service'
  /home/charles/.rvm/rubies/ruby-2.0.0-p247/lib/ruby/2.0.0/webrick/httpserver.rb:138:in `service'
  /home/charles/.rvm/rubies/ruby-2.0.0-p247/lib/ruby/2.0.0/webrick/httpserver.rb:94:in `run'
  /home/charles/.rvm/rubies/ruby-2.0.0-p247/lib/ruby/2.0.0/webrick/server.rb:295:in `block in start_thread'


  Rendered /home/charles/.rvm/gems/ruby-2.0.0-p247/gems/actionpack-4.0.1/lib/action_dispatch/middleware/templates/rescues/_trace.erb (1.2ms)
  Rendered /home/charles/.rvm/gems/ruby-2.0.0-p247/gems/actionpack-4.0.1/lib/action_dispatch/middleware/templates/routes/_route.html.erb (1.1ms)
  Rendered /home/charles/.rvm/gems/ruby-2.0.0-p247/gems/actionpack-4.0.1/lib/action_dispatch/middleware/templates/routes/_table.html.erb (3.3ms)
  Rendered /home/charles/.rvm/gems/ruby-2.0.0-p247/gems/actionpack-4.0.1/lib/action_dispatch/middleware/templates/rescues/routing_error.erb within rescues/layout (771.9ms)


Started GET "/rand" for 127.0.0.1 at 2014-01-03 02:32:23 -0500

ActionController::RoutingError (No route matches [GET] "/rand"):
  actionpack (4.0.1) lib/action_dispatch/middleware/debug_exceptions.rb:21:in `call'
  actionpack (4.0.1) lib/action_dispatch/middleware/show_exceptions.rb:30:in `call'
  railties (4.0.1) lib/rails/rack/logger.rb:38:in `call_app'
  railties (4.0.1) lib/rails/rack/logger.rb:20:in `block in call'
  activesupport (4.0.1) lib/active_support/tagged_logging.rb:67:in `block in tagged'
  activesupport (4.0.1) lib/active_support/tagged_logging.rb:25:in `tagged'
  activesupport (4.0.1) lib/active_support/tagged_logging.rb:67:in `tagged'
  railties (4.0.1) lib/rails/rack/logger.rb:20:in `call'
  actionpack (4.0.1) lib/action_dispatch/middleware/request_id.rb:21:in `call'
  rack (1.5.2) lib/rack/methodoverride.rb:21:in `call'
  rack (1.5.2) lib/rack/runtime.rb:17:in `call'
  activesupport (4.0.1) lib/active_support/cache/strategy/local_cache.rb:83:in `call'
  rack (1.5.2) lib/rack/lock.rb:17:in `call'
  actionpack (4.0.1) lib/action_dispatch/middleware/static.rb:64:in `call'
  rack (1.5.2) lib/rack/sendfile.rb:112:in `call'
  railties (4.0.1) lib/rails/engine.rb:511:in `call'
  railties (4.0.1) lib/rails/application.rb:97:in `call'
  rack (1.5.2) lib/rack/lock.rb:17:in `call'
  rack (1.5.2) lib/rack/content_length.rb:14:in `call'
  rack (1.5.2) lib/rack/handler/webrick.rb:60:in `service'
  /home/charles/.rvm/rubies/ruby-2.0.0-p247/lib/ruby/2.0.0/webrick/httpserver.rb:138:in `service'
  /home/charles/.rvm/rubies/ruby-2.0.0-p247/lib/ruby/2.0.0/webrick/httpserver.rb:94:in `run'
  /home/charles/.rvm/rubies/ruby-2.0.0-p247/lib/ruby/2.0.0/webrick/server.rb:295:in `block in start_thread'


  Rendered /home/charles/.rvm/gems/ruby-2.0.0-p247/gems/actionpack-4.0.1/lib/action_dispatch/middleware/templates/rescues/_trace.erb (1.1ms)
  Rendered /home/charles/.rvm/gems/ruby-2.0.0-p247/gems/actionpack-4.0.1/lib/action_dispatch/middleware/templates/routes/_route.html.erb (0.9ms)
  Rendered /home/charles/.rvm/gems/ruby-2.0.0-p247/gems/actionpack-4.0.1/lib/action_dispatch/middleware/templates/routes/_table.html.erb (5.1ms)
  Rendered /home/charles/.rvm/gems/ruby-2.0.0-p247/gems/actionpack-4.0.1/lib/action_dispatch/middleware/templates/rescues/routing_error.erb within rescues/layout (21.1ms)


Started GET "/" for 127.0.0.1 at 2014-01-03 02:32:26 -0500
Processing by MainController#rand as HTML
Redirected to http://farm4.staticflickr.com/3685/11606513063_697901dd60_m.jpg
Completed 302 Found in 443ms (ActiveRecord: 0.0ms)


Started GET "/woah" for 127.0.0.1 at 2014-01-03 02:32:42 -0500

ActionController::RoutingError (No route matches [GET] "/woah"):
  actionpack (4.0.1) lib/action_dispatch/middleware/debug_exceptions.rb:21:in `call'
  actionpack (4.0.1) lib/action_dispatch/middleware/show_exceptions.rb:30:in `call'
  railties (4.0.1) lib/rails/rack/logger.rb:38:in `call_app'
  railties (4.0.1) lib/rails/rack/logger.rb:20:in `block in call'
  activesupport (4.0.1) lib/active_support/tagged_logging.rb:67:in `block in tagged'
  activesupport (4.0.1) lib/active_support/tagged_logging.rb:25:in `tagged'
  activesupport (4.0.1) lib/active_support/tagged_logging.rb:67:in `tagged'
  railties (4.0.1) lib/rails/rack/logger.rb:20:in `call'
  actionpack (4.0.1) lib/action_dispatch/middleware/request_id.rb:21:in `call'
  rack (1.5.2) lib/rack/methodoverride.rb:21:in `call'
  rack (1.5.2) lib/rack/runtime.rb:17:in `call'
  activesupport (4.0.1) lib/active_support/cache/strategy/local_cache.rb:83:in `call'
  rack (1.5.2) lib/rack/lock.rb:17:in `call'
  actionpack (4.0.1) lib/action_dispatch/middleware/static.rb:64:in `call'
  rack (1.5.2) lib/rack/sendfile.rb:112:in `call'
  railties (4.0.1) lib/rails/engine.rb:511:in `call'
  railties (4.0.1) lib/rails/application.rb:97:in `call'
  rack (1.5.2) lib/rack/lock.rb:17:in `call'
  rack (1.5.2) lib/rack/content_length.rb:14:in `call'
  rack (1.5.2) lib/rack/handler/webrick.rb:60:in `service'
  /home/charles/.rvm/rubies/ruby-2.0.0-p247/lib/ruby/2.0.0/webrick/httpserver.rb:138:in `service'
  /home/charles/.rvm/rubies/ruby-2.0.0-p247/lib/ruby/2.0.0/webrick/httpserver.rb:94:in `run'
  /home/charles/.rvm/rubies/ruby-2.0.0-p247/lib/ruby/2.0.0/webrick/server.rb:295:in `block in start_thread'


  Rendered /home/charles/.rvm/gems/ruby-2.0.0-p247/gems/actionpack-4.0.1/lib/action_dispatch/middleware/templates/rescues/_trace.erb (1.4ms)
  Rendered /home/charles/.rvm/gems/ruby-2.0.0-p247/gems/actionpack-4.0.1/lib/action_dispatch/middleware/templates/routes/_route.html.erb (1.8ms)
  Rendered /home/charles/.rvm/gems/ruby-2.0.0-p247/gems/actionpack-4.0.1/lib/action_dispatch/middleware/templates/routes/_table.html.erb (1.3ms)
  Rendered /home/charles/.rvm/gems/ruby-2.0.0-p247/gems/actionpack-4.0.1/lib/action_dispatch/middleware/templates/rescues/routing_error.erb within rescues/layout (21.5ms)


Started GET "/woah" for 127.0.0.1 at 2014-01-03 02:34:24 -0500
Processing by MainController#rand as HTML
  Parameters: {"anything"=>"woah"}
Redirected to http://farm4.staticflickr.com/3767/11633120094_f461309f4f_m.jpg
Completed 302 Found in 498ms (ActiveRecord: 0.0ms)


Started GET "/rand" for 127.0.0.1 at 2014-01-03 02:38:55 -0500
Processing by MainController#rand as HTML
  Parameters: {"anything"=>"rand"}
Redirected to http://farm4.staticflickr.com/3770/11667415213_02dd92bcef.jpg
Completed 302 Found in 447ms (ActiveRecord: 0.0ms)


Started GET "/" for 127.0.0.1 at 2014-01-03 02:39:07 -0500
Processing by MainController#rand as HTML
  Parameters: {"anything"=>""}
Redirected to http://farm8.staticflickr.com/7336/11669269846_37b35033a1.jpg
Completed 302 Found in 549ms (ActiveRecord: 0.0ms)


Started GET "/" for 127.0.0.1 at 2014-01-03 02:39:15 -0500
Processing by MainController#rand as HTML
  Parameters: {"anything"=>""}
Redirected to http://farm8.staticflickr.com/7323/11662897964_3291df3820.jpg
Completed 302 Found in 410ms (ActiveRecord: 0.0ms)


Started GET "/" for 127.0.0.1 at 2014-01-03 02:40:50 -0500
Processing by MainController#rand as HTML
  Parameters: {"anything"=>""}
Redirected to http://farm4.staticflickr.com/3833/11648256176_611588bcf9.jpg
Completed 302 Found in 472ms (ActiveRecord: 0.0ms)


Started GET "/" for 127.0.0.1 at 2014-01-03 02:41:19 -0500
Processing by MainController#rand as HTML
  Parameters: {"anything"=>""}
Redirected to http://farm3.staticflickr.com/2894/11683801346_6d739e3421_b.jpg
Completed 302 Found in 624ms (ActiveRecord: 0.0ms)


Started GET "/" for 127.0.0.1 at 2014-01-03 02:41:19 -0500
Processing by MainController#rand as HTML
  Parameters: {"anything"=>""}
Redirected to http://farm4.staticflickr.com/3826/11623635025_5f65359f26_b.jpg
Completed 302 Found in 517ms (ActiveRecord: 0.0ms)
  [1m[36m (18.9ms)[0m  [1mCREATE TABLE "schema_migrations" ("version" varchar(255) NOT NULL) [0m
  [1m[35m (23.4ms)[0m  CREATE UNIQUE INDEX "unique_schema_migrations" ON "schema_migrations" ("version")
  [1m[36mActiveRecord::SchemaMigration Load (0.2ms)[0m  [1mSELECT "schema_migrations".* FROM "schema_migrations"[0m
  [1m[36mActiveRecord::SchemaMigration Load (0.1ms)[0m  [1mSELECT "schema_migrations".* FROM "schema_migrations"[0m


Started GET "/" for 127.0.0.1 at 2014-04-04 17:29:10 -0400
Processing by MainController#rand as HTML
  Parameters: {"anything"=>""}
Completed 500 Internal Server Error in 2740ms

RuntimeError (redirection forbidden: http://www.flickr.com/explore/interesting/7days/ -> https://www.flickr.com/explore/interesting/7days/):
  app/controllers/main_controller.rb:3:in `rand'


  Rendered /home/charles/.rvm/gems/ruby-2.0.0-p247/gems/actionpack-4.0.1/lib/action_dispatch/middleware/templates/rescues/_source.erb (0.8ms)
  Rendered /home/charles/.rvm/gems/ruby-2.0.0-p247/gems/actionpack-4.0.1/lib/action_dispatch/middleware/templates/rescues/_trace.erb (1.8ms)
  Rendered /home/charles/.rvm/gems/ruby-2.0.0-p247/gems/actionpack-4.0.1/lib/action_dispatch/middleware/templates/rescues/_request_and_response.erb (1.1ms)
  Rendered /home/charles/.rvm/gems/ruby-2.0.0-p247/gems/actionpack-4.0.1/lib/action_dispatch/middleware/templates/rescues/diagnostics.erb within rescues/layout (18.1ms)


Started GET "/" for 127.0.0.1 at 2014-04-04 17:31:15 -0400
Processing by MainController#rand as HTML
  Parameters: {"anything"=>""}
Redirected to https://farm4.staticflickr.com/3818/13561990745_c72566ee72_b.jpg
Completed 302 Found in 4060ms (ActiveRecord: 0.0ms)
